<?xml version="1.0" encoding="UTF-8"?>
<!-- Generated by org.testng.reporters.JUnitReportReporter -->
<testsuite hostname="DESKTOP-VI3Q0U3" failures="0" tests="1" name="org.staff101.testcases.Jobs_Module" time="20.734" errors="0" timestamp="2024-01-02T20:12:02 IST" skipped="0">
  <testcase classname="org.staff101.testcases.Jobs_Module" name="jobs_module" time="20.734"/>
  <system-out>
    <![CDATA[Clicking on Jobs Module]]>
  </system-out>
</testsuite> <!-- org.staff101.testcases.Jobs_Module -->
